Using pre-set license
Built from '2022.3/staging' branch; Version is '2022.3.25f1 (530ae0ba3889) revision 5442272'; Using compiler version '192829333'; Build Type 'Release'
OS: 'Windows 10  (10.0.19045) 64bit Professional' Language: 'en' Physical Memory: 8040 MB
BatchMode: 1, IsHumanControllingUs: 0, StartBugReporterOnCrash: 0, Is64bit: 1, IsPro: 1

COMMAND LINE ARGUMENTS:
C:\Program Files\Unity\Hub\Editor\2022.3.25f1\Editor\Unity.exe
-adb2
-batchMode
-noUpm
-name
AssetImportWorker0
-projectPath
C:/Users/roger/poopy-pigeon/PvP
-logFile
Logs/AssetImportWorker0.log
-srvPort
51328
Successfully changed project path to: C:/Users/roger/poopy-pigeon/PvP
C:/Users/roger/poopy-pigeon/PvP
[UnityMemory] Configuration Parameters - Can be set up in boot.config
    "memorysetup-bucket-allocator-granularity=16"
    "memorysetup-bucket-allocator-bucket-count=8"
    "memorysetup-bucket-allocator-block-size=33554432"
    "memorysetup-bucket-allocator-block-count=8"
    "memorysetup-main-allocator-block-size=16777216"
    "memorysetup-thread-allocator-block-size=16777216"
    "memorysetup-gfx-main-allocator-block-size=16777216"
    "memorysetup-gfx-thread-allocator-block-size=16777216"
    "memorysetup-cache-allocator-block-size=4194304"
    "memorysetup-typetree-allocator-block-size=2097152"
    "memorysetup-profiler-bucket-allocator-granularity=16"
    "memorysetup-profiler-bucket-allocator-bucket-count=8"
    "memorysetup-profiler-bucket-allocator-block-size=33554432"
    "memorysetup-profiler-bucket-allocator-block-count=8"
    "memorysetup-profiler-allocator-block-size=16777216"
    "memorysetup-profiler-editor-allocator-block-size=1048576"
    "memorysetup-temp-allocator-size-main=16777216"
    "memorysetup-job-temp-allocator-block-size=2097152"
    "memorysetup-job-temp-allocator-block-size-background=1048576"
    "memorysetup-job-temp-allocator-reduction-small-platforms=262144"
    "memorysetup-allocator-temp-initial-block-size-main=262144"
    "memorysetup-allocator-temp-initial-block-size-worker=262144"
    "memorysetup-temp-allocator-size-background-worker=32768"
    "memorysetup-temp-allocator-size-job-worker=262144"
    "memorysetup-temp-allocator-size-preload-manager=33554432"
    "memorysetup-temp-allocator-size-nav-mesh-worker=65536"
    "memorysetup-temp-allocator-size-audio-worker=65536"
    "memorysetup-temp-allocator-size-cloud-worker=32768"
    "memorysetup-temp-allocator-size-gi-baking-worker=262144"
    "memorysetup-temp-allocator-size-gfx=262144"
Player connection [13356] Host "[IP] 172.31.48.1 [Port] 0 [Flags] 2 [Guid] 2583145690 [EditorId] 2583145690 [Version] 1048832 [Id] WindowsEditor(7,Viperfish) [Debug] 1 [PackageName] WindowsEditor [ProjectName] Editor" joined multi-casting on [225.0.0.222:54997]...

Player connection [13356] Host "[IP] 172.31.48.1 [Port] 0 [Flags] 2 [Guid] 2583145690 [EditorId] 2583145690 [Version] 1048832 [Id] WindowsEditor(7,Viperfish) [Debug] 1 [PackageName] WindowsEditor [ProjectName] Editor" joined alternative multi-casting on [225.0.0.222:34997]...

[Physics::Module] Initialized MultithreadedJobDispatcher with 3 workers.
Refreshing native plugins compatible for Editor in 313.18 ms, found 4 plugins.
Preloading 0 native plugins for Editor in 0.00 ms.
Initialize engine version: 2022.3.25f1 (530ae0ba3889)
[Subsystems] Discovering subsystems at path C:/Program Files/Unity/Hub/Editor/2022.3.25f1/Editor/Data/Resources/UnitySubsystems
[Subsystems] Discovering subsystems at path C:/Users/roger/poopy-pigeon/PvP/Assets
GfxDevice: creating device client; threaded=0; jobified=0
Direct3D:
    Version:  Direct3D 11.0 [level 11.1]
    Renderer: Intel(R) UHD Graphics (ID=0x9b41)
    Vendor:   Intel
    VRAM:     4020 MB
    Driver:   27.20.100.9664
Initialize mono
Mono path[0] = 'C:/Program Files/Unity/Hub/Editor/2022.3.25f1/Editor/Data/Managed'
Mono path[1] = 'C:/Program Files/Unity/Hub/Editor/2022.3.25f1/Editor/Data/MonoBleedingEdge/lib/mono/unityjit-win32'
Mono config path = 'C:/Program Files/Unity/Hub/Editor/2022.3.25f1/Editor/Data/MonoBleedingEdge/etc'
Using monoOptions --debugger-agent=transport=dt_socket,embedding=1,server=y,suspend=n,address=127.0.0.1:56696
Begin MonoManager ReloadAssembly
Registering precompiled unity dll's ...
Register platform support module: C:/Program Files/Unity/Hub/Editor/2022.3.25f1/Editor/Data/PlaybackEngines/WebGLSupport/UnityEditor.WebGL.Extensions.dll
Register platform support module: C:/Program Files/Unity/Hub/Editor/2022.3.25f1/Editor/Data/PlaybackEngines/WindowsStandaloneSupport/UnityEditor.WindowsStandalone.Extensions.dll
Registered in 0.041625 seconds.
- Loaded All Assemblies, in  2.394 seconds
Native extension for WindowsStandalone target not found
Native extension for WebGL target not found
Mono: successfully reloaded assembly
- Finished resetting the current domain, in  1.315 seconds
Domain Reload Profiling: 3697ms
	BeginReloadAssembly (1142ms)
		ExecutionOrderSort (0ms)
		DisableScriptedObjects (0ms)
		BackupInstance (0ms)
		ReleaseScriptingObjects (0ms)
		CreateAndSetChildDomain (6ms)
	RebuildCommonClasses (155ms)
	RebuildNativeTypeToScriptingClass (67ms)
	initialDomainReloadingComplete (269ms)
	LoadAllAssembliesAndSetupDomain (746ms)
		LoadAssemblies (1255ms)
		RebuildTransferFunctionScriptingTraits (0ms)
		AnalyzeDomain (593ms)
			TypeCache.Refresh (590ms)
				TypeCache.ScanAssembly (538ms)
			ScanForSourceGeneratedMonoScriptInfo (1ms)
			ResolveRequiredComponents (1ms)
	FinalizeReload (1317ms)
		ReleaseScriptCaches (0ms)
		RebuildScriptCaches (0ms)
		SetupLoadedEditorAssemblies (1051ms)
			LogAssemblyErrors (0ms)
			InitializePlatformSupportModulesInManaged (51ms)
			SetLoadedEditorAssemblies (31ms)
			RefreshPlugins (0ms)
			BeforeProcessingInitializeOnLoad (11ms)
			ProcessInitializeOnLoadAttributes (775ms)
			ProcessInitializeOnLoadMethodAttributes (182ms)
			AfterProcessingInitializeOnLoad (0ms)
			EditorAssembliesLoaded (0ms)
		ExecutionOrderSort2 (0ms)
		AwakeInstancesAfterBackupRestoration (0ms)
========================================================================
Worker process is ready to serve import requests
Begin MonoManager ReloadAssembly
- Loaded All Assemblies, in  4.315 seconds
Refreshing native plugins compatible for Editor in 34.68 ms, found 4 plugins.
Native extension for WindowsStandalone target not found
Native extension for WebGL target not found
Package Manager log level set to [2]
[Package Manager] Server::EnsureServerProcessIsRunning -- launch failed, reason: Unity was launched with the -noUpm command-line argument
[Package Manager] UpmClient::Send -- Unable to send message (not connected to UPM process).
[Package Manager] Cannot connect to Unity Package Manager local server
Mono: successfully reloaded assembly
- Finished resetting the current domain, in  2.563 seconds
Domain Reload Profiling: 6862ms
	BeginReloadAssembly (581ms)
		ExecutionOrderSort (0ms)
		DisableScriptedObjects (18ms)
		BackupInstance (0ms)
		ReleaseScriptingObjects (0ms)
		CreateAndSetChildDomain (82ms)
	RebuildCommonClasses (249ms)
	RebuildNativeTypeToScriptingClass (38ms)
	initialDomainReloadingComplete (192ms)
	LoadAllAssembliesAndSetupDomain (3239ms)
		LoadAssemblies (1586ms)
		RebuildTransferFunctionScriptingTraits (0ms)
		AnalyzeDomain (1999ms)
			TypeCache.Refresh (1084ms)
				TypeCache.ScanAssembly (1008ms)
			ScanForSourceGeneratedMonoScriptInfo (855ms)
			ResolveRequiredComponents (55ms)
	FinalizeReload (2564ms)
		ReleaseScriptCaches (0ms)
		RebuildScriptCaches (0ms)
		SetupLoadedEditorAssemblies (1949ms)
			LogAssemblyErrors (0ms)
			InitializePlatformSupportModulesInManaged (30ms)
			SetLoadedEditorAssemblies (14ms)
			RefreshPlugins (0ms)
			BeforeProcessingInitializeOnLoad (273ms)
			ProcessInitializeOnLoadAttributes (1472ms)
			ProcessInitializeOnLoadMethodAttributes (126ms)
			AfterProcessingInitializeOnLoad (34ms)
			EditorAssembliesLoaded (0ms)
		ExecutionOrderSort2 (0ms)
		AwakeInstancesAfterBackupRestoration (26ms)
Launched and connected shader compiler UnityShaderCompiler.exe after 0.31 seconds
Refreshing native plugins compatible for Editor in 24.72 ms, found 4 plugins.
Preloading 0 native plugins for Editor in 0.00 ms.
Unloading 4036 Unused Serialized files (Serialized files now loaded: 0)
Unloading 65 unused Assets / (61.6 KB). Loaded Objects now: 4496.
Memory consumption went from 144.0 MB to 143.9 MB.
Total: 12.249200 ms (FindLiveObjects: 0.539800 ms CreateObjectMapping: 0.755200 ms MarkObjects: 10.636600 ms  DeleteObjects: 0.315900 ms)

AssetImportParameters requested are different than current active one (requested -> active):
  custom:container-demuxer-ogg: 62fdf1f143b41e24485cea50d1cbac27 -> 
  custom:video-codec-MediaFoundation-h265: 746d11721c4dcdbdad8f713fa42b33f4 -> 
  custom:video-decoder-ogg-theora: a1e56fd34408186e4bbccfd4996cb3dc -> 
  custom:framework-win-MediaFoundation: 216162199b28c13a410421893ffa2e32 -> 
  custom:CustomObjectIndexerAttribute: 9a22284fe3817be447336de3de66b15e -> 
  custom:container-demuxer-webm: 4f35f7cbe854078d1ac9338744f61a02 -> 
  custom:container-muxer-webm: aa71ff27fc2769a1b78a27578f13a17b -> 
  custom:video-decoder-webm-vp8: 9c59270c3fd7afecdb556c50c9e8de78 -> 
  custom:SearchIndexIgnoredProperties: e643bd26f0fe6173181afceb89e7c659 -> 
  custom:AudioImporter_EditorPlatform: d09bf68614088b80899f8185d706f6e7 -> 
  custom:video-encoder-webm-vp8: eb34c28f22e8b96e1ab97ce403110664 -> 
  custom:audio-decoder-ogg-vorbis: bf7c407c2cedff20999df2af8eb42d56 -> 
  custom:audio-encoder-webm-vorbis: bf7c407c2cedff20999df2af8eb42d56 -> 
========================================================================
Received Import Request.
  Time since last request: 53141.916328 seconds.
  path: Assets/p-left-up.png
  artifactKey: Guid(9b756338b5981ea4fb11a837fbf356a1) Importer(815301076,1909f56bfc062723c751e8b465ee728b)
Start importing Assets/p-left-up.png using Guid(9b756338b5981ea4fb11a837fbf356a1) Importer(815301076,1909f56bfc062723c751e8b465ee728b)  -> (artifact id: '87d12be6fcb34a8f56a8524a86130fd7') in 0.336258 seconds
Number of updated asset objects reloaded before import = 0
Number of asset objects unloaded after import = 3
========================================================================
Received Import Request.
  Time since last request: 0.000683 seconds.
  path: Assets/m-right (1).png
  artifactKey: Guid(9507897012dea0f4da2f52b54e863cec) Importer(815301076,1909f56bfc062723c751e8b465ee728b)
Start importing Assets/m-right (1).png using Guid(9507897012dea0f4da2f52b54e863cec) Importer(815301076,1909f56bfc062723c751e8b465ee728b)  -> (artifact id: '4eabe3cea7475390fa3b329115d2b8d3') in 0.043924 seconds
Number of updated asset objects reloaded before import = 0
Number of asset objects unloaded after import = 3
========================================================================
Received Import Request.
  Time since last request: 0.000081 seconds.
  path: Assets/poop.png
  artifactKey: Guid(c616f4c661154104aac7ea720081850f) Importer(815301076,1909f56bfc062723c751e8b465ee728b)
Start importing Assets/poop.png using Guid(c616f4c661154104aac7ea720081850f) Importer(815301076,1909f56bfc062723c751e8b465ee728b)  -> (artifact id: '37c53cabc2fcffca281e72d140404860') in 0.040052 seconds
Number of updated asset objects reloaded before import = 0
Number of asset objects unloaded after import = 3
========================================================================
Received Import Request.
  Time since last request: 0.000035 seconds.
  path: Assets/p-left-down.png
  artifactKey: Guid(9277ed8e5515a5940b1d3471ca54bb3a) Importer(815301076,1909f56bfc062723c751e8b465ee728b)
Start importing Assets/p-left-down.png using Guid(9277ed8e5515a5940b1d3471ca54bb3a) Importer(815301076,1909f56bfc062723c751e8b465ee728b)  -> (artifact id: 'f78ef3ea3306e43895a872d42a2d9d4c') in 0.043834 seconds
Number of updated asset objects reloaded before import = 0
Number of asset objects unloaded after import = 3
========================================================================
Received Import Request.
  Time since last request: 82.608485 seconds.
  path: Assets/b-left.png
  artifactKey: Guid(4389a542e041f6240b5ce433f66ddf94) Importer(815301076,1909f56bfc062723c751e8b465ee728b)
Start importing Assets/b-left.png using Guid(4389a542e041f6240b5ce433f66ddf94) Importer(815301076,1909f56bfc062723c751e8b465ee728b)  -> (artifact id: '1e1f5d75c88dc62e31c82332af5ce739') in 0.043819 seconds
Number of updated asset objects reloaded before import = 0
Number of asset objects unloaded after import = 3
========================================================================
Received Import Request.
  Time since last request: 0.000124 seconds.
  path: Assets/g-left-shoot.png
  artifactKey: Guid(4687cde6e6a0c38438946923a08666fc) Importer(815301076,1909f56bfc062723c751e8b465ee728b)
Start importing Assets/g-left-shoot.png using Guid(4687cde6e6a0c38438946923a08666fc) Importer(815301076,1909f56bfc062723c751e8b465ee728b)  -> (artifact id: 'fded29cea10c9d34aea27d8ac8d74c80') in 0.034862 seconds
Number of updated asset objects reloaded before import = 0
Number of asset objects unloaded after import = 3
========================================================================
Received Import Request.
  Time since last request: 0.000043 seconds.
  path: Assets/g-left-down.png
  artifactKey: Guid(1e9b1175e2611874aa1c221d03377fd5) Importer(815301076,1909f56bfc062723c751e8b465ee728b)
Start importing Assets/g-left-down.png using Guid(1e9b1175e2611874aa1c221d03377fd5) Importer(815301076,1909f56bfc062723c751e8b465ee728b)  -> (artifact id: '69abcdac05c116d2fc615ed3439f43f2') in 0.037662 seconds
Number of updated asset objects reloaded before import = 0
Number of asset objects unloaded after import = 3
========================================================================
Received Import Request.
  Time since last request: 0.000056 seconds.
  path: Assets/b-right.png
  artifactKey: Guid(755437ac19fce384a8c0e89521055ab7) Importer(815301076,1909f56bfc062723c751e8b465ee728b)
Start importing Assets/b-right.png using Guid(755437ac19fce384a8c0e89521055ab7) Importer(815301076,1909f56bfc062723c751e8b465ee728b)  -> (artifact id: '9c1faa5e166b7bab4e9a2a09acfbe2d9') in 0.043103 seconds
Number of updated asset objects reloaded before import = 0
Number of asset objects unloaded after import = 3
========================================================================
Received Import Request.
  Time since last request: 0.000042 seconds.
  path: Assets/b-right-shoot.png
  artifactKey: Guid(1fbe248008f47bb4c811b0b66be67223) Importer(815301076,1909f56bfc062723c751e8b465ee728b)
Start importing Assets/b-right-shoot.png using Guid(1fbe248008f47bb4c811b0b66be67223) Importer(815301076,1909f56bfc062723c751e8b465ee728b)  -> (artifact id: 'f81fe3cc213a840db8c3821ac1c5b055') in 0.028445 seconds
Number of updated asset objects reloaded before import = 0
Number of asset objects unloaded after import = 3
========================================================================
Received Import Request.
  Time since last request: 0.000027 seconds.
  path: Assets/g-right-shoot.png
  artifactKey: Guid(00c10d8c265d46d4fa8e1fcd21f29bb7) Importer(815301076,1909f56bfc062723c751e8b465ee728b)
Start importing Assets/g-right-shoot.png using Guid(00c10d8c265d46d4fa8e1fcd21f29bb7) Importer(815301076,1909f56bfc062723c751e8b465ee728b)  -> (artifact id: 'afbb0f185f70ed3177937abc7598816c') in 0.070418 seconds
Number of updated asset objects reloaded before import = 0
Number of asset objects unloaded after import = 3
========================================================================
Received Import Request.
  Time since last request: 0.000265 seconds.
  path: Assets/p-right.png
  artifactKey: Guid(379d08784d12b04409ecae6dfa201680) Importer(815301076,1909f56bfc062723c751e8b465ee728b)
Start importing Assets/p-right.png using Guid(379d08784d12b04409ecae6dfa201680) Importer(815301076,1909f56bfc062723c751e8b465ee728b)  -> (artifact id: 'bb0efb9557ea7f8b5a2b25120fda490c') in 0.044019 seconds
Number of updated asset objects reloaded before import = 0
Number of asset objects unloaded after import = 3
========================================================================
Received Import Request.
  Time since last request: 0.001071 seconds.
  path: Assets/p-right-shoot.png
  artifactKey: Guid(4a3552554ac96be40b6ad41122a7fcc0) Importer(815301076,1909f56bfc062723c751e8b465ee728b)
Start importing Assets/p-right-shoot.png using Guid(4a3552554ac96be40b6ad41122a7fcc0) Importer(815301076,1909f56bfc062723c751e8b465ee728b)  -> (artifact id: '87fc0434b969b3c81a77b75b32ac252b') in 0.073613 seconds
Number of updated asset objects reloaded before import = 0
Number of asset objects unloaded after import = 3
========================================================================
Received Import Request.
  Time since last request: 0.000051 seconds.
  path: Assets/g-left-up.png
  artifactKey: Guid(ee1cfa791f9d00746b8f9aeaaa4ffb4d) Importer(815301076,1909f56bfc062723c751e8b465ee728b)
Start importing Assets/g-left-up.png using Guid(ee1cfa791f9d00746b8f9aeaaa4ffb4d) Importer(815301076,1909f56bfc062723c751e8b465ee728b)  -> (artifact id: '37cb4bfcaea1723828a48b3862dce55a') in 0.049140 seconds
Number of updated asset objects reloaded before import = 0
Number of asset objects unloaded after import = 3
========================================================================
Received Import Request.
  Time since last request: 348.506313 seconds.
  path: Assets/p-left.png
  artifactKey: Guid(cc0276d76ec6f4743850bcb12300de6d) Importer(815301076,1909f56bfc062723c751e8b465ee728b)
Start importing Assets/p-left.png using Guid(cc0276d76ec6f4743850bcb12300de6d) Importer(815301076,1909f56bfc062723c751e8b465ee728b)  -> (artifact id: '36394805d92e0d6cd7b4bd759ff4a2e3') in 0.032904 seconds
Number of updated asset objects reloaded before import = 0
Number of asset objects unloaded after import = 3
========================================================================
Received Import Request.
  Time since last request: 48.795201 seconds.
  path: Assets/r-left-down.png
  artifactKey: Guid(3d6da21be1d880d4188939df23d63c79) Importer(815301076,1909f56bfc062723c751e8b465ee728b)
Start importing Assets/r-left-down.png using Guid(3d6da21be1d880d4188939df23d63c79) Importer(815301076,1909f56bfc062723c751e8b465ee728b)  -> (artifact id: '311371db048e40a20485a7999556bbc3') in 0.039637 seconds
Number of updated asset objects reloaded before import = 0
Number of asset objects unloaded after import = 3
========================================================================
Received Import Request.
  Time since last request: 0.000030 seconds.
  path: Assets/r-right-down.png
  artifactKey: Guid(fba17fe1d10a48c4f9b3d48decc095bb) Importer(815301076,1909f56bfc062723c751e8b465ee728b)
Start importing Assets/r-right-down.png using Guid(fba17fe1d10a48c4f9b3d48decc095bb) Importer(815301076,1909f56bfc062723c751e8b465ee728b)  -> (artifact id: '4288314276149f5857cd6087b5c5bf92') in 0.125304 seconds
Number of updated asset objects reloaded before import = 0
Number of asset objects unloaded after import = 3
